<?xml version="1.0" encoding="UTF-8"?>
<testsuite xmlns:xsi="http://www.w3.org/2001/XMLSchema-instance" xsi:noNamespaceSchemaLocation="https://maven.apache.org/surefire/maven-surefire-plugin/xsd/surefire-test-report.xsd" name="com.dummy.myerp.business.impl.manager.ComptabiliteManagerImplMockTest" time="9.077" tests="33" errors="0" skipped="0" failures="0">
  <properties>
    <property name="sun.desktop" value="windows"/>
    <property name="awt.toolkit" value="sun.awt.windows.WToolkit"/>
    <property name="file.encoding.pkg" value="sun.io"/>
    <property name="java.specification.version" value="1.8"/>
    <property name="sun.cpu.isalist" value="amd64"/>
    <property name="sun.jnu.encoding" value="Cp1252"/>
    <property name="java.class.path" value="D:\P9final\myerp\myerp-business\target\test-classes;D:\P9final\myerp\myerp-business\target\classes;D:\P9final\myerp\myerp-model\target\classes;D:\P9final\myerp\myerp-technical\target\classes;C:\Users\Louis\.m2\repository\org\apache\logging\log4j\log4j-api\2.8.1\log4j-api-2.8.1.jar;C:\Users\Louis\.m2\repository\org\apache\logging\log4j\log4j-core\2.8.1\log4j-core-2.8.1.jar;C:\Users\Louis\.m2\repository\org\apache\logging\log4j\log4j-jcl\2.8.1\log4j-jcl-2.8.1.jar;C:\Users\Louis\.m2\repository\org\apache\logging\log4j\log4j-slf4j-impl\2.8.1\log4j-slf4j-impl-2.8.1.jar;C:\Users\Louis\.m2\repository\org\apache\commons\commons-lang3\3.5\commons-lang3-3.5.jar;C:\Users\Louis\.m2\repository\org\apache\commons\commons-collections4\4.1\commons-collections4-4.1.jar;C:\Users\Louis\.m2\repository\org\springframework\spring-context\5.2.13.RELEASE\spring-context-5.2.13.RELEASE.jar;C:\Users\Louis\.m2\repository\org\springframework\spring-aop\5.2.13.RELEASE\spring-aop-5.2.13.RELEASE.jar;C:\Users\Louis\.m2\repository\org\springframework\spring-expression\5.2.13.RELEASE\spring-expression-5.2.13.RELEASE.jar;D:\P9final\myerp\myerp-consumer\target\classes;C:\Users\Louis\.m2\repository\org\springframework\spring-tx\5.2.13.RELEASE\spring-tx-5.2.13.RELEASE.jar;C:\Users\Louis\.m2\repository\org\springframework\spring-beans\5.2.13.RELEASE\spring-beans-5.2.13.RELEASE.jar;C:\Users\Louis\.m2\repository\org\springframework\spring-core\5.2.13.RELEASE\spring-core-5.2.13.RELEASE.jar;C:\Users\Louis\.m2\repository\org\springframework\spring-jcl\5.2.13.RELEASE\spring-jcl-5.2.13.RELEASE.jar;C:\Users\Louis\.m2\repository\org\springframework\spring-jdbc\5.2.13.RELEASE\spring-jdbc-5.2.13.RELEASE.jar;C:\Users\Louis\.m2\repository\org\hibernate\hibernate-validator\4.2.0.Final\hibernate-validator-4.2.0.Final.jar;C:\Users\Louis\.m2\repository\javax\validation\validation-api\1.1.0.Final\validation-api-1.1.0.Final.jar;C:\Users\Louis\.m2\repository\org\slf4j\slf4j-api\1.6.1\slf4j-api-1.6.1.jar;C:\Users\Louis\.m2\repository\junit\junit\4.12\junit-4.12.jar;C:\Users\Louis\.m2\repository\org\hamcrest\hamcrest-core\1.3\hamcrest-core-1.3.jar;C:\Users\Louis\.m2\repository\org\junit\jupiter\junit-jupiter-api\5.7.0\junit-jupiter-api-5.7.0.jar;C:\Users\Louis\.m2\repository\org\apiguardian\apiguardian-api\1.1.0\apiguardian-api-1.1.0.jar;C:\Users\Louis\.m2\repository\org\opentest4j\opentest4j\1.2.0\opentest4j-1.2.0.jar;C:\Users\Louis\.m2\repository\org\junit\platform\junit-platform-commons\1.7.0\junit-platform-commons-1.7.0.jar;C:\Users\Louis\.m2\repository\org\junit\vintage\junit-vintage-engine\5.7.0\junit-vintage-engine-5.7.0.jar;C:\Users\Louis\.m2\repository\org\junit\platform\junit-platform-engine\1.7.0\junit-platform-engine-1.7.0.jar;C:\Users\Louis\.m2\repository\org\junit\jupiter\junit-jupiter-engine\5.7.0\junit-jupiter-engine-5.7.0.jar;C:\Users\Louis\.m2\repository\org\junit\jupiter\junit-jupiter-params\5.7.0\junit-jupiter-params-5.7.0.jar;C:\Users\Louis\.m2\repository\org\assertj\assertj-core\3.19.0\assertj-core-3.19.0.jar;C:\Users\Louis\.m2\repository\org\apache\commons\commons-dbcp2\2.1.1\commons-dbcp2-2.1.1.jar;C:\Users\Louis\.m2\repository\org\apache\commons\commons-pool2\2.4.2\commons-pool2-2.4.2.jar;C:\Users\Louis\.m2\repository\commons-logging\commons-logging\1.2\commons-logging-1.2.jar;C:\Users\Louis\.m2\repository\org\postgresql\postgresql\9.4.1212\postgresql-9.4.1212.jar;C:\Users\Louis\.m2\repository\org\mockito\mockito-junit-jupiter\3.8.0\mockito-junit-jupiter-3.8.0.jar;C:\Users\Louis\.m2\repository\org\mockito\mockito-core\3.8.0\mockito-core-3.8.0.jar;C:\Users\Louis\.m2\repository\net\bytebuddy\byte-buddy\1.10.20\byte-buddy-1.10.20.jar;C:\Users\Louis\.m2\repository\net\bytebuddy\byte-buddy-agent\1.10.20\byte-buddy-agent-1.10.20.jar;C:\Users\Louis\.m2\repository\org\objenesis\objenesis\3.1\objenesis-3.1.jar;"/>
    <property name="java.vm.vendor" value="Oracle Corporation"/>
    <property name="sun.arch.data.model" value="64"/>
    <property name="user.variant" value=""/>
    <property name="java.vendor.url" value="http://java.oracle.com/"/>
    <property name="user.timezone" value="Europe/Paris"/>
    <property name="java.vm.specification.version" value="1.8"/>
    <property name="os.name" value="Windows 10"/>
    <property name="user.country" value="FR"/>
    <property name="sun.java.launcher" value="SUN_STANDARD"/>
    <property name="sun.boot.library.path" value="C:\Program Files\Java\jdk1.8.0_131\jre\bin"/>
    <property name="sun.java.command" value="C:\Users\Louis\AppData\Local\Temp\surefire505957568706222316\surefirebooter880618997675873672.jar C:\Users\Louis\AppData\Local\Temp\surefire505957568706222316 2021-06-25T12-24-04_343-jvmRun1 surefire1521552121043628603tmp surefire_16181131244321558434tmp"/>
    <property name="surefire.test.class.path" value="D:\P9final\myerp\myerp-business\target\test-classes;D:\P9final\myerp\myerp-business\target\classes;D:\P9final\myerp\myerp-model\target\classes;D:\P9final\myerp\myerp-technical\target\classes;C:\Users\Louis\.m2\repository\org\apache\logging\log4j\log4j-api\2.8.1\log4j-api-2.8.1.jar;C:\Users\Louis\.m2\repository\org\apache\logging\log4j\log4j-core\2.8.1\log4j-core-2.8.1.jar;C:\Users\Louis\.m2\repository\org\apache\logging\log4j\log4j-jcl\2.8.1\log4j-jcl-2.8.1.jar;C:\Users\Louis\.m2\repository\org\apache\logging\log4j\log4j-slf4j-impl\2.8.1\log4j-slf4j-impl-2.8.1.jar;C:\Users\Louis\.m2\repository\org\apache\commons\commons-lang3\3.5\commons-lang3-3.5.jar;C:\Users\Louis\.m2\repository\org\apache\commons\commons-collections4\4.1\commons-collections4-4.1.jar;C:\Users\Louis\.m2\repository\org\springframework\spring-context\5.2.13.RELEASE\spring-context-5.2.13.RELEASE.jar;C:\Users\Louis\.m2\repository\org\springframework\spring-aop\5.2.13.RELEASE\spring-aop-5.2.13.RELEASE.jar;C:\Users\Louis\.m2\repository\org\springframework\spring-expression\5.2.13.RELEASE\spring-expression-5.2.13.RELEASE.jar;D:\P9final\myerp\myerp-consumer\target\classes;C:\Users\Louis\.m2\repository\org\springframework\spring-tx\5.2.13.RELEASE\spring-tx-5.2.13.RELEASE.jar;C:\Users\Louis\.m2\repository\org\springframework\spring-beans\5.2.13.RELEASE\spring-beans-5.2.13.RELEASE.jar;C:\Users\Louis\.m2\repository\org\springframework\spring-core\5.2.13.RELEASE\spring-core-5.2.13.RELEASE.jar;C:\Users\Louis\.m2\repository\org\springframework\spring-jcl\5.2.13.RELEASE\spring-jcl-5.2.13.RELEASE.jar;C:\Users\Louis\.m2\repository\org\springframework\spring-jdbc\5.2.13.RELEASE\spring-jdbc-5.2.13.RELEASE.jar;C:\Users\Louis\.m2\repository\org\hibernate\hibernate-validator\4.2.0.Final\hibernate-validator-4.2.0.Final.jar;C:\Users\Louis\.m2\repository\javax\validation\validation-api\1.1.0.Final\validation-api-1.1.0.Final.jar;C:\Users\Louis\.m2\repository\org\slf4j\slf4j-api\1.6.1\slf4j-api-1.6.1.jar;C:\Users\Louis\.m2\repository\junit\junit\4.12\junit-4.12.jar;C:\Users\Louis\.m2\repository\org\hamcrest\hamcrest-core\1.3\hamcrest-core-1.3.jar;C:\Users\Louis\.m2\repository\org\junit\jupiter\junit-jupiter-api\5.7.0\junit-jupiter-api-5.7.0.jar;C:\Users\Louis\.m2\repository\org\apiguardian\apiguardian-api\1.1.0\apiguardian-api-1.1.0.jar;C:\Users\Louis\.m2\repository\org\opentest4j\opentest4j\1.2.0\opentest4j-1.2.0.jar;C:\Users\Louis\.m2\repository\org\junit\platform\junit-platform-commons\1.7.0\junit-platform-commons-1.7.0.jar;C:\Users\Louis\.m2\repository\org\junit\vintage\junit-vintage-engine\5.7.0\junit-vintage-engine-5.7.0.jar;C:\Users\Louis\.m2\repository\org\junit\platform\junit-platform-engine\1.7.0\junit-platform-engine-1.7.0.jar;C:\Users\Louis\.m2\repository\org\junit\jupiter\junit-jupiter-engine\5.7.0\junit-jupiter-engine-5.7.0.jar;C:\Users\Louis\.m2\repository\org\junit\jupiter\junit-jupiter-params\5.7.0\junit-jupiter-params-5.7.0.jar;C:\Users\Louis\.m2\repository\org\assertj\assertj-core\3.19.0\assertj-core-3.19.0.jar;C:\Users\Louis\.m2\repository\org\apache\commons\commons-dbcp2\2.1.1\commons-dbcp2-2.1.1.jar;C:\Users\Louis\.m2\repository\org\apache\commons\commons-pool2\2.4.2\commons-pool2-2.4.2.jar;C:\Users\Louis\.m2\repository\commons-logging\commons-logging\1.2\commons-logging-1.2.jar;C:\Users\Louis\.m2\repository\org\postgresql\postgresql\9.4.1212\postgresql-9.4.1212.jar;C:\Users\Louis\.m2\repository\org\mockito\mockito-junit-jupiter\3.8.0\mockito-junit-jupiter-3.8.0.jar;C:\Users\Louis\.m2\repository\org\mockito\mockito-core\3.8.0\mockito-core-3.8.0.jar;C:\Users\Louis\.m2\repository\net\bytebuddy\byte-buddy\1.10.20\byte-buddy-1.10.20.jar;C:\Users\Louis\.m2\repository\net\bytebuddy\byte-buddy-agent\1.10.20\byte-buddy-agent-1.10.20.jar;C:\Users\Louis\.m2\repository\org\objenesis\objenesis\3.1\objenesis-3.1.jar;"/>
    <property name="sun.cpu.endian" value="little"/>
    <property name="user.home" value="C:\Users\Louis"/>
    <property name="user.language" value="fr"/>
    <property name="java.specification.vendor" value="Oracle Corporation"/>
    <property name="java.home" value="C:\Program Files\Java\jdk1.8.0_131\jre"/>
    <property name="basedir" value="D:\P9final\myerp\myerp-business"/>
    <property name="file.separator" value="\"/>
    <property name="line.separator" value="&#10;"/>
    <property name="java.vm.specification.vendor" value="Oracle Corporation"/>
    <property name="java.specification.name" value="Java Platform API Specification"/>
    <property name="java.awt.graphicsenv" value="sun.awt.Win32GraphicsEnvironment"/>
    <property name="surefire.real.class.path" value="C:\Users\Louis\AppData\Local\Temp\surefire505957568706222316\surefirebooter880618997675873672.jar;C:\\Users\\Louis\\.m2\\repository\\org\\jacoco\\org.jacoco.agent\\0.8.6\\org.jacoco.agent-0.8.6-runtime.jar"/>
    <property name="sun.boot.class.path" value="C:\Program Files\Java\jdk1.8.0_131\jre\lib\resources.jar;C:\Program Files\Java\jdk1.8.0_131\jre\lib\rt.jar;C:\Program Files\Java\jdk1.8.0_131\jre\lib\sunrsasign.jar;C:\Program Files\Java\jdk1.8.0_131\jre\lib\jsse.jar;C:\Program Files\Java\jdk1.8.0_131\jre\lib\jce.jar;C:\Program Files\Java\jdk1.8.0_131\jre\lib\charsets.jar;C:\Program Files\Java\jdk1.8.0_131\jre\lib\jfr.jar;C:\Program Files\Java\jdk1.8.0_131\jre\classes"/>
    <property name="user.script" value=""/>
    <property name="sun.management.compiler" value="HotSpot 64-Bit Tiered Compilers"/>
    <property name="java.runtime.version" value="1.8.0_131-b11"/>
    <property name="user.name" value="Louis"/>
    <property name="path.separator" value=";"/>
    <property name="os.version" value="10.0"/>
    <property name="java.endorsed.dirs" value="C:\Program Files\Java\jdk1.8.0_131\jre\lib\endorsed"/>
    <property name="java.runtime.name" value="Java(TM) SE Runtime Environment"/>
    <property name="file.encoding" value="Cp1252"/>
    <property name="java.vm.name" value="Java HotSpot(TM) 64-Bit Server VM"/>
    <property name="localRepository" value="C:\Users\Louis\.m2\repository"/>
    <property name="java.vendor.url.bug" value="http://bugreport.sun.com/bugreport/"/>
    <property name="java.io.tmpdir" value="C:\Users\Louis\AppData\Local\Temp\"/>
    <property name="java.version" value="1.8.0_131"/>
    <property name="user.dir" value="D:\P9final\myerp\myerp-business"/>
    <property name="os.arch" value="amd64"/>
    <property name="java.vm.specification.name" value="Java Virtual Machine Specification"/>
    <property name="java.awt.printerjob" value="sun.awt.windows.WPrinterJob"/>
    <property name="sun.os.patch.level" value=""/>
    <property name="java.library.path" value="C:\Program Files\Java\jdk1.8.0_131\jre\bin;C:\WINDOWS\Sun\Java\bin;C:\WINDOWS\system32;C:\WINDOWS;C:/Program Files/Java/jre1.8.0_131/bin/server;C:/Program Files/Java/jre1.8.0_131/bin;C:/Program Files/Java/jre1.8.0_131/lib/amd64;C:\ProgramData\Oracle\Java\javapath;C:\Program Files (x86)\Intel\iCLS Client\;C:\Program Files\Intel\iCLS Client\;C:\WINDOWS\system32;C:\WINDOWS;C:\WINDOWS\System32\Wbem;C:\WINDOWS\System32\WindowsPowerShell\v1.0\;C:\Program Files (x86)\Intel\Intel(R) Management Engine Components\DAL;C:\Program Files\Intel\Intel(R) Management Engine Components\DAL;C:\Program Files (x86)\Intel\Intel(R) Management Engine Components\IPT;C:\Program Files\Intel\Intel(R) Management Engine Components\IPT;C:\WINDOWS\System32\OpenSSH\;C:\Program Files\Git\cmd;C:\Program Files\Docker\Docker\resources\bin;C:\ProgramData\DockerDesktop\version-bin;C:\Users\Louis\AppData\Local\Microsoft\WindowsApps;;C:\Users\Louis\Desktop\eclipse;;."/>
    <property name="java.vm.info" value="mixed mode"/>
    <property name="java.vendor" value="Oracle Corporation"/>
    <property name="java.vm.version" value="25.131-b11"/>
    <property name="java.ext.dirs" value="C:\Program Files\Java\jdk1.8.0_131\jre\lib\ext;C:\WINDOWS\Sun\Java\lib\ext"/>
    <property name="sun.io.unicode.encoding" value="UnicodeLittle"/>
    <property name="java.class.version" value="52.0"/>
  </properties>
  <testcase name="addreferenceFoundSequenceTest" classname="com.dummy.myerp.business.impl.manager.ComptabiliteManagerImplMockTest$ComptabiliteManagerImplMockTestAddRefrenceTests" time="8.108"/>
  <testcase name="addreferenceNotFoundSequenceTest" classname="com.dummy.myerp.business.impl.manager.ComptabiliteManagerImplMockTest$ComptabiliteManagerImplMockTestAddRefrenceTests" time="0.029"/>
  <testcase name="checkEcritureComptableContextNoDefaultIdAndNotEqualsTest" classname="com.dummy.myerp.business.impl.manager.ComptabiliteManagerImplMockTest$ComptabiliteManagerImplMockTestCheckEcritureComptablesTests" time="0.053"/>
  <testcase name="checkIsJournalAndCompteComptableExistJournalTest" classname="com.dummy.myerp.business.impl.manager.ComptabiliteManagerImplMockTest$ComptabiliteManagerImplMockTestCheckEcritureComptablesTests" time="0.011"/>
  <testcase name="checkEcritureComptableBeforeUpdateNotFoundExceptionTest" classname="com.dummy.myerp.business.impl.manager.ComptabiliteManagerImplMockTest$ComptabiliteManagerImplMockTestCheckEcritureComptablesTests" time="0.008"/>
  <testcase name="checkEcritureComptableBeforeUpdateTest" classname="com.dummy.myerp.business.impl.manager.ComptabiliteManagerImplMockTest$ComptabiliteManagerImplMockTestCheckEcritureComptablesTests" time="0.005"/>
  <testcase name="checkEcritureComptableContextNotFoundRefTest" classname="com.dummy.myerp.business.impl.manager.ComptabiliteManagerImplMockTest$ComptabiliteManagerImplMockTestCheckEcritureComptablesTests" time="0.01"/>
  <testcase name="checkEcritureComptableCheckEcritureComptableUnitTest" classname="com.dummy.myerp.business.impl.manager.ComptabiliteManagerImplMockTest$ComptabiliteManagerImplMockTestCheckEcritureComptablesTests" time="0.012"/>
  <testcase name="checkIsEcritureComptableExistNotTest" classname="com.dummy.myerp.business.impl.manager.ComptabiliteManagerImplMockTest$ComptabiliteManagerImplMockTestCheckEcritureComptablesTests" time="0.007"/>
  <testcase name="checkIsJournalAndCompteComptableExistCompteTest" classname="com.dummy.myerp.business.impl.manager.ComptabiliteManagerImplMockTest$ComptabiliteManagerImplMockTestCheckEcritureComptablesTests" time="0.007"/>
  <testcase name="checkIsEcritureComptableExistTest" classname="com.dummy.myerp.business.impl.manager.ComptabiliteManagerImplMockTest$ComptabiliteManagerImplMockTestCheckEcritureComptablesTests" time="0.005"/>
  <testcase name="checkEcritureComptableCheckEcritureComptableContextTest" classname="com.dummy.myerp.business.impl.manager.ComptabiliteManagerImplMockTest$ComptabiliteManagerImplMockTestCheckEcritureComptablesTests" time="0.006"/>
  <testcase name="checkEcritureComptableTest" classname="com.dummy.myerp.business.impl.manager.ComptabiliteManagerImplMockTest$ComptabiliteManagerImplMockTestCheckEcritureComptablesTests" time="0.006"/>
  <testcase name="checkEcritureComptableContextDefaultIdTest" classname="com.dummy.myerp.business.impl.manager.ComptabiliteManagerImplMockTest$ComptabiliteManagerImplMockTestCheckEcritureComptablesTests" time="0.006"/>
  <testcase name="checkEcritureComptableContextNoDefaultIdAndEqualsTest" classname="com.dummy.myerp.business.impl.manager.ComptabiliteManagerImplMockTest$ComptabiliteManagerImplMockTestCheckEcritureComptablesTests" time="0.008"/>
  <testcase name="checkIsJournalAndCompteComptableExistTest" classname="com.dummy.myerp.business.impl.manager.ComptabiliteManagerImplMockTest$ComptabiliteManagerImplMockTestCheckEcritureComptablesTests" time="0.006"/>
  <testcase name="checkEcritureComptableCheckIsJournalAndCompteComptableExistTest" classname="com.dummy.myerp.business.impl.manager.ComptabiliteManagerImplMockTest$ComptabiliteManagerImplMockTestCheckEcritureComptablesTests" time="0.007"/>
  <testcase name="checkEcritureComptableContextNullRefTest" classname="com.dummy.myerp.business.impl.manager.ComptabiliteManagerImplMockTest$ComptabiliteManagerImplMockTestCheckEcritureComptablesTests" time="0.006"/>
  <testcase name="updateTestFailNotFoundException" classname="com.dummy.myerp.business.impl.manager.ComptabiliteManagerImplMockTest$ComptabiliteManagerImplMockTestCRUDTest" time="0.007"/>
  <testcase name="InsertTestFailNotFoundException" classname="com.dummy.myerp.business.impl.manager.ComptabiliteManagerImplMockTest$ComptabiliteManagerImplMockTestCRUDTest" time="0.005"/>
  <testcase name="updateTestFailFunctionalException" classname="com.dummy.myerp.business.impl.manager.ComptabiliteManagerImplMockTest$ComptabiliteManagerImplMockTestCRUDTest" time="0.417"/>
  <testcase name="updateSequenceEcritureComptableTestPass" classname="com.dummy.myerp.business.impl.manager.ComptabiliteManagerImplMockTest$ComptabiliteManagerImplMockTestCRUDTest" time="0.007"/>
  <testcase name="updateTestPass" classname="com.dummy.myerp.business.impl.manager.ComptabiliteManagerImplMockTest$ComptabiliteManagerImplMockTestCRUDTest" time="0.005"/>
  <testcase name="insertTestPass" classname="com.dummy.myerp.business.impl.manager.ComptabiliteManagerImplMockTest$ComptabiliteManagerImplMockTestCRUDTest" time="0.007"/>
  <testcase name="InsertTestFailFunctionalException" classname="com.dummy.myerp.business.impl.manager.ComptabiliteManagerImplMockTest$ComptabiliteManagerImplMockTestCRUDTest" time="0.005"/>
  <testcase name="deleteTestPass" classname="com.dummy.myerp.business.impl.manager.ComptabiliteManagerImplMockTest$ComptabiliteManagerImplMockTestCRUDTest" time="0.005"/>
  <testcase name="insertSequenceEcritureComptableTestPass" classname="com.dummy.myerp.business.impl.manager.ComptabiliteManagerImplMockTest$ComptabiliteManagerImplMockTestCRUDTest" time="0.008"/>
  <testcase name="ecritureComptableIsEquilibreeTrue" classname="com.dummy.myerp.business.impl.manager.ComptabiliteManagerImplMockTest" time="0.022"/>
  <testcase name="ecitureComptableIdValueNotDefaultCheckFail" classname="com.dummy.myerp.business.impl.manager.ComptabiliteManagerImplMockTest" time="0"/>
  <testcase name="ecitureComptableIdValueNotDefaultCheckPass{int}[1]" classname="com.dummy.myerp.business.impl.manager.ComptabiliteManagerImplMockTest" time="0.07"/>
  <testcase name="ecitureComptableIdValueNotDefaultCheckPass{int}[2]" classname="com.dummy.myerp.business.impl.manager.ComptabiliteManagerImplMockTest" time="0.01"/>
  <testcase name="ecitureComptableIdValueNotDefaultCheckPass{int}[3]" classname="com.dummy.myerp.business.impl.manager.ComptabiliteManagerImplMockTest" time="0.01"/>
  <testcase name="ecritureComptableIsEquilibreeFalse" classname="com.dummy.myerp.business.impl.manager.ComptabiliteManagerImplMockTest" time="0.005"/>
</testsuite>